0 info it worked if it ends with ok
1 verbose cli [ '/usr/local/Cellar/node/7.7.4/bin/node',
1 verbose cli   '/usr/local/bin/npm',
1 verbose cli   'start',
1 verbose cli   'run' ]
2 info using npm@4.1.2
3 info using node@v7.7.4
4 verbose run-script [ 'prestart', 'start', 'poststart' ]
5 info lifecycle bootstrapping-react@1.0.0~prestart: bootstrapping-react@1.0.0
6 silly lifecycle bootstrapping-react@1.0.0~prestart: no script for prestart, continuing
7 info lifecycle bootstrapping-react@1.0.0~start: bootstrapping-react@1.0.0
8 verbose lifecycle bootstrapping-react@1.0.0~start: unsafe-perm in lifecycle true
9 verbose lifecycle bootstrapping-react@1.0.0~start: PATH: /usr/local/lib/node_modules/npm/bin/node-gyp-bin:/Users/berkos/Developer/react/bootstrapping-react/node_modules/.bin:/Users/berkos/anaconda/bin:/Users/aberkakis/perl5/bin:/Users/berkos/.rvm/gems/ruby-2.3.3/bin:/Users/berkos/.rvm/gems/ruby-2.3.3@global/bin:/Users/berkos/.rvm/rubies/ruby-2.3.3/bin:/Users/berkos/.cargo/bin:/anaconda/bin:/Users/elenitziaferi/anaconda/bin:/usr/local/bin:/usr/bin:/bin:/usr/sbin:/sbin:/opt/X11/bin:/Users/berkos/.rvm/bin:/Users/berkos/.rvm/bin:/Users/berkos/.rvm/bin
10 verbose lifecycle bootstrapping-react@1.0.0~start: CWD: /Users/berkos/Developer/react/bootstrapping-react
11 silly lifecycle bootstrapping-react@1.0.0~start: Args: [ '-c', 'webpack-dev-server "run"' ]
12 silly lifecycle bootstrapping-react@1.0.0~start: Returned: code: 1  signal: null
13 info lifecycle bootstrapping-react@1.0.0~start: Failed to exec start script
14 verbose stack Error: bootstrapping-react@1.0.0 start: `webpack-dev-server "run"`
14 verbose stack Exit status 1
14 verbose stack     at EventEmitter.<anonymous> (/usr/local/lib/node_modules/npm/lib/utils/lifecycle.js:279:16)
14 verbose stack     at emitTwo (events.js:106:13)
14 verbose stack     at EventEmitter.emit (events.js:194:7)
14 verbose stack     at ChildProcess.<anonymous> (/usr/local/lib/node_modules/npm/lib/utils/spawn.js:40:14)
14 verbose stack     at emitTwo (events.js:106:13)
14 verbose stack     at ChildProcess.emit (events.js:194:7)
14 verbose stack     at maybeClose (internal/child_process.js:899:16)
14 verbose stack     at Process.ChildProcess._handle.onexit (internal/child_process.js:226:5)
15 verbose pkgid bootstrapping-react@1.0.0
16 verbose cwd /Users/berkos/Developer/react/bootstrapping-react
17 error Darwin 16.6.0
18 error argv "/usr/local/Cellar/node/7.7.4/bin/node" "/usr/local/bin/npm" "start" "run"
19 error node v7.7.4
20 error npm  v4.1.2
21 error code ELIFECYCLE
22 error bootstrapping-react@1.0.0 start: `webpack-dev-server "run"`
22 error Exit status 1
23 error Failed at the bootstrapping-react@1.0.0 start script 'webpack-dev-server "run"'.
23 error Make sure you have the latest version of node.js and npm installed.
23 error If you do, this is most likely a problem with the bootstrapping-react package,
23 error not with npm itself.
23 error Tell the author that this fails on your system:
23 error     webpack-dev-server "run"
23 error You can get information on how to open an issue for this project with:
23 error     npm bugs bootstrapping-react
23 error Or if that isn't available, you can get their info via:
23 error     npm owner ls bootstrapping-react
23 error There is likely additional logging output above.
24 verbose exit [ 1, true ]
